{"/var/app/api/common/logger.js": {"path":"/var/app/api/common/logger.js","statementMap":{"0":{"start":{"line":3,"column":16},"end":{"line":3,"column":34}},"1":{"start":{"line":4,"column":11},"end":{"line":4,"column":24}},"2":{"start":{"line":6,"column":45},"end":{"line":6,"column":52}},"3":{"start":{"line":7,"column":39},"end":{"line":7,"column":45}},"4":{"start":{"line":9,"column":17},"end":{"line":11,"column":2}},"5":{"start":{"line":10,"column":2},"end":{"line":10,"column":102}},"6":{"start":{"line":13,"column":15},"end":{"line":22,"column":2}},"7":{"start":{"line":24,"column":0},"end":{"line":24,"column":24}}},"fnMap":{"0":{"name":"(anonymous_0)","decl":{"start":{"line":9,"column":24},"end":{"line":9,"column":25}},"loc":{"start":{"line":9,"column":32},"end":{"line":11,"column":1}},"line":9}},"branchMap":{"0":{"loc":{"start":{"line":21,"column":9},"end":{"line":21,"column":41}},"type":"binary-expr","locations":[{"start":{"line":21,"column":9},"end":{"line":21,"column":30}},{"start":{"line":21,"column":34},"end":{"line":21,"column":41}}],"line":21}},"s":{"0":2,"1":2,"2":2,"3":2,"4":2,"5":15,"6":2,"7":2},"f":{"0":15},"b":{"0":[2,0]},"_coverageSchema":"1a1c01bbd47fc00a2c39e90264f33305004495a9","hash":"99e2c1b56a7435f426836198c89f64b83848ffbd"}
,"/var/app/api/helpers/errorCodes.js": {"path":"/var/app/api/helpers/errorCodes.js","statementMap":{"0":{"start":{"line":1,"column":0},"end":{"line":63,"column":1}}},"fnMap":{},"branchMap":{},"s":{"0":3},"f":{},"b":{},"_coverageSchema":"1a1c01bbd47fc00a2c39e90264f33305004495a9","hash":"6ddb67305c120a2b5548922e03f0608421e0a202"}
,"/var/app/api/helpers/httpError.js": {"path":"/var/app/api/helpers/httpError.js","statementMap":{"0":{"start":{"line":3,"column":8},"end":{"line":3,"column":23}},"1":{"start":{"line":5,"column":8},"end":{"line":5,"column":25}},"2":{"start":{"line":6,"column":8},"end":{"line":6,"column":33}},"3":{"start":{"line":10,"column":0},"end":{"line":10,"column":27}}},"fnMap":{"0":{"name":"(anonymous_0)","decl":{"start":{"line":2,"column":4},"end":{"line":2,"column":5}},"loc":{"start":{"line":2,"column":45},"end":{"line":7,"column":5}},"line":2}},"branchMap":{},"s":{"0":12,"1":12,"2":12,"3":3},"f":{"0":12},"b":{},"_coverageSchema":"1a1c01bbd47fc00a2c39e90264f33305004495a9","hash":"df221c89d396449050400f120817a5a6bea607ae"}
,"/var/app/api/helpers/httpResponses.js": {"path":"/var/app/api/helpers/httpResponses.js","statementMap":{"0":{"start":{"line":1,"column":0},"end":{"line":15,"column":1}}},"fnMap":{},"branchMap":{},"s":{"0":2},"f":{},"b":{},"_coverageSchema":"1a1c01bbd47fc00a2c39e90264f33305004495a9","hash":"c6b91059c2e9adbbe210a545201dec5654f618f9"}
,"/var/app/api/helpers/services.helper.js": {"path":"/var/app/api/helpers/services.helper.js","statementMap":{"0":{"start":{"line":1,"column":18},"end":{"line":1,"column":49}},"1":{"start":{"line":2,"column":34},"end":{"line":2,"column":66}},"2":{"start":{"line":6,"column":8},"end":{"line":6,"column":56}},"3":{"start":{"line":10,"column":8},"end":{"line":10,"column":56}},"4":{"start":{"line":18,"column":8},"end":{"line":18,"column":74}},"5":{"start":{"line":22,"column":0},"end":{"line":22,"column":37}}},"fnMap":{"0":{"name":"(anonymous_0)","decl":{"start":{"line":5,"column":4},"end":{"line":5,"column":5}},"loc":{"start":{"line":5,"column":20},"end":{"line":7,"column":5}},"line":5},"1":{"name":"(anonymous_1)","decl":{"start":{"line":9,"column":4},"end":{"line":9,"column":5}},"loc":{"start":{"line":9,"column":20},"end":{"line":11,"column":5}},"line":9},"2":{"name":"(anonymous_2)","decl":{"start":{"line":17,"column":4},"end":{"line":17,"column":5}},"loc":{"start":{"line":17,"column":23},"end":{"line":19,"column":5}},"line":17}},"branchMap":{"0":{"loc":{"start":{"line":6,"column":15},"end":{"line":6,"column":55}},"type":"cond-expr","locations":[{"start":{"line":6,"column":43},"end":{"line":6,"column":47}},{"start":{"line":6,"column":50},"end":{"line":6,"column":55}}],"line":6},"1":{"loc":{"start":{"line":10,"column":15},"end":{"line":10,"column":55}},"type":"cond-expr","locations":[{"start":{"line":10,"column":43},"end":{"line":10,"column":47}},{"start":{"line":10,"column":50},"end":{"line":10,"column":55}}],"line":10},"2":{"loc":{"start":{"line":18,"column":15},"end":{"line":18,"column":73}},"type":"cond-expr","locations":[{"start":{"line":18,"column":44},"end":{"line":18,"column":49}},{"start":{"line":18,"column":52},"end":{"line":18,"column":73}}],"line":18}},"s":{"0":3,"1":3,"2":11,"3":1,"4":9,"5":3},"f":{"0":11,"1":1,"2":9},"b":{"0":[8,3],"1":[1,0],"2":[2,7]},"_coverageSchema":"1a1c01bbd47fc00a2c39e90264f33305004495a9","hash":"f5337222de0788f60e4f8ace2cae802472beea7e"}
,"/var/app/api/models/dbMgr.js": {"path":"/var/app/api/models/dbMgr.js","statementMap":{"0":{"start":{"line":1,"column":17},"end":{"line":1,"column":36}},"1":{"start":{"line":2,"column":12},"end":{"line":2,"column":99}},"2":{"start":{"line":4,"column":0},"end":{"line":4,"column":74}},"3":{"start":{"line":6,"column":0},"end":{"line":8,"column":2}},"4":{"start":{"line":7,"column":4},"end":{"line":7,"column":61}},"5":{"start":{"line":10,"column":0},"end":{"line":12,"column":2}},"6":{"start":{"line":11,"column":4},"end":{"line":11,"column":60}},"7":{"start":{"line":14,"column":0},"end":{"line":16,"column":2}},"8":{"start":{"line":15,"column":4},"end":{"line":15,"column":59}},"9":{"start":{"line":18,"column":0},"end":{"line":18,"column":40}},"10":{"start":{"line":19,"column":0},"end":{"line":19,"column":37}},"11":{"start":{"line":21,"column":0},"end":{"line":21,"column":25}}},"fnMap":{"0":{"name":"(anonymous_0)","decl":{"start":{"line":6,"column":36},"end":{"line":6,"column":37}},"loc":{"start":{"line":6,"column":42},"end":{"line":8,"column":1}},"line":6},"1":{"name":"(anonymous_1)","decl":{"start":{"line":10,"column":32},"end":{"line":10,"column":33}},"loc":{"start":{"line":10,"column":41},"end":{"line":12,"column":1}},"line":10},"2":{"name":"(anonymous_2)","decl":{"start":{"line":14,"column":39},"end":{"line":14,"column":40}},"loc":{"start":{"line":14,"column":45},"end":{"line":16,"column":1}},"line":14}},"branchMap":{},"s":{"0":2,"1":2,"2":2,"3":2,"4":0,"5":2,"6":0,"7":2,"8":0,"9":2,"10":2,"11":2},"f":{"0":0,"1":0,"2":0},"b":{},"_coverageSchema":"1a1c01bbd47fc00a2c39e90264f33305004495a9","hash":"221056a84ab411236a4c018d74220a4251dd3723"}
,"/var/app/api/models/screens.model.js": {"path":"/var/app/api/models/screens.model.js","statementMap":{"0":{"start":{"line":1,"column":17},"end":{"line":1,"column":35}},"1":{"start":{"line":2,"column":15},"end":{"line":2,"column":30}},"2":{"start":{"line":5,"column":22},"end":{"line":21,"column":2}},"3":{"start":{"line":23,"column":0},"end":{"line":23,"column":30}}},"fnMap":{},"branchMap":{},"s":{"0":2,"1":2,"2":2,"3":2},"f":{},"b":{},"_coverageSchema":"1a1c01bbd47fc00a2c39e90264f33305004495a9","hash":"dd9ce68574dc92591477c7e1eaf099f2b1b3b250"}
,"/var/app/api/models/solutions.model.js": {"path":"/var/app/api/models/solutions.model.js","statementMap":{"0":{"start":{"line":1,"column":17},"end":{"line":1,"column":35}},"1":{"start":{"line":2,"column":15},"end":{"line":2,"column":30}},"2":{"start":{"line":3,"column":22},"end":{"line":3,"column":48}},"3":{"start":{"line":6,"column":15},"end":{"line":21,"column":2}},"4":{"start":{"line":23,"column":0},"end":{"line":23,"column":58}},"5":{"start":{"line":25,"column":0},"end":{"line":25,"column":53}}},"fnMap":{},"branchMap":{},"s":{"0":2,"1":2,"2":2,"3":2,"4":2,"5":2},"f":{},"b":{},"_coverageSchema":"1a1c01bbd47fc00a2c39e90264f33305004495a9","hash":"af76a580fe0436af16154ade803e5ca2615e05ba"}
,"/var/app/api/services/screens.service.js": {"path":"/var/app/api/services/screens.service.js","statementMap":{"0":{"start":{"line":1,"column":15},"end":{"line":1,"column":42}},"1":{"start":{"line":2,"column":22},"end":{"line":2,"column":58}},"2":{"start":{"line":3,"column":19},"end":{"line":3,"column":56}},"3":{"start":{"line":4,"column":18},"end":{"line":4,"column":49}},"4":{"start":{"line":5,"column":36},"end":{"line":5,"column":71}},"5":{"start":{"line":6,"column":36},"end":{"line":6,"column":68}},"6":{"start":{"line":15,"column":8},"end":{"line":16,"column":99}},"7":{"start":{"line":26,"column":8},"end":{"line":41,"column":11}},"8":{"start":{"line":27,"column":12},"end":{"line":40,"column":13}},"9":{"start":{"line":28,"column":16},"end":{"line":35,"column":17}},"10":{"start":{"line":29,"column":36},"end":{"line":29,"column":63}},"11":{"start":{"line":30,"column":20},"end":{"line":34,"column":21}},"12":{"start":{"line":31,"column":24},"end":{"line":31,"column":99}},"13":{"start":{"line":33,"column":24},"end":{"line":33,"column":54}},"14":{"start":{"line":36,"column":16},"end":{"line":36,"column":30}},"15":{"start":{"line":38,"column":16},"end":{"line":38,"column":77}},"16":{"start":{"line":39,"column":16},"end":{"line":39,"column":30}},"17":{"start":{"line":49,"column":8},"end":{"line":69,"column":11}},"18":{"start":{"line":50,"column":12},"end":{"line":68,"column":13}},"19":{"start":{"line":51,"column":68},"end":{"line":51,"column":71}},"20":{"start":{"line":52,"column":16},"end":{"line":52,"column":120}},"21":{"start":{"line":52,"column":77},"end":{"line":52,"column":120}},"22":{"start":{"line":54,"column":40},"end":{"line":54,"column":42}},"23":{"start":{"line":56,"column":34},"end":{"line":56,"column":74}},"24":{"start":{"line":58,"column":16},"end":{"line":58,"column":63}},"25":{"start":{"line":58,"column":32},"end":{"line":58,"column":63}},"26":{"start":{"line":60,"column":16},"end":{"line":60,"column":71}},"27":{"start":{"line":62,"column":33},"end":{"line":62,"column":104}},"28":{"start":{"line":64,"column":16},"end":{"line":64,"column":34}},"29":{"start":{"line":66,"column":16},"end":{"line":66,"column":79}},"30":{"start":{"line":67,"column":16},"end":{"line":67,"column":54}},"31":{"start":{"line":78,"column":8},"end":{"line":92,"column":10}},"32":{"start":{"line":79,"column":12},"end":{"line":91,"column":13}},"33":{"start":{"line":80,"column":59},"end":{"line":80,"column":62}},"34":{"start":{"line":81,"column":16},"end":{"line":81,"column":120}},"35":{"start":{"line":81,"column":77},"end":{"line":81,"column":120}},"36":{"start":{"line":83,"column":33},"end":{"line":83,"column":75}},"37":{"start":{"line":84,"column":16},"end":{"line":84,"column":55}},"38":{"start":{"line":85,"column":16},"end":{"line":85,"column":32}},"39":{"start":{"line":87,"column":16},"end":{"line":87,"column":28}},"40":{"start":{"line":89,"column":16},"end":{"line":89,"column":76}},"41":{"start":{"line":90,"column":16},"end":{"line":90,"column":54}},"42":{"start":{"line":100,"column":8},"end":{"line":116,"column":10}},"43":{"start":{"line":101,"column":12},"end":{"line":115,"column":13}},"44":{"start":{"line":102,"column":77},"end":{"line":102,"column":80}},"45":{"start":{"line":103,"column":16},"end":{"line":103,"column":120}},"46":{"start":{"line":103,"column":77},"end":{"line":103,"column":120}},"47":{"start":{"line":105,"column":33},"end":{"line":105,"column":75}},"48":{"start":{"line":106,"column":34},"end":{"line":106,"column":63}},"49":{"start":{"line":108,"column":16},"end":{"line":108,"column":38}},"50":{"start":{"line":109,"column":16},"end":{"line":109,"column":32}},"51":{"start":{"line":111,"column":16},"end":{"line":111,"column":28}},"52":{"start":{"line":113,"column":16},"end":{"line":113,"column":76}},"53":{"start":{"line":114,"column":16},"end":{"line":114,"column":54}},"54":{"start":{"line":124,"column":8},"end":{"line":140,"column":10}},"55":{"start":{"line":125,"column":12},"end":{"line":139,"column":13}},"56":{"start":{"line":126,"column":31},"end":{"line":126,"column":41}},"57":{"start":{"line":127,"column":33},"end":{"line":127,"column":75}},"58":{"start":{"line":129,"column":30},"end":{"line":129,"column":57}},"59":{"start":{"line":131,"column":16},"end":{"line":135,"column":19}},"60":{"start":{"line":137,"column":16},"end":{"line":137,"column":72}},"61":{"start":{"line":138,"column":16},"end":{"line":138,"column":54}},"62":{"start":{"line":144,"column":0},"end":{"line":144,"column":31}}},"fnMap":{"0":{"name":"(anonymous_0)","decl":{"start":{"line":14,"column":4},"end":{"line":14,"column":5}},"loc":{"start":{"line":14,"column":27},"end":{"line":17,"column":5}},"line":14},"1":{"name":"(anonymous_1)","decl":{"start":{"line":25,"column":4},"end":{"line":25,"column":5}},"loc":{"start":{"line":25,"column":49},"end":{"line":42,"column":5}},"line":25},"2":{"name":"(anonymous_2)","decl":{"start":{"line":26,"column":27},"end":{"line":26,"column":28}},"loc":{"start":{"line":26,"column":54},"end":{"line":41,"column":9}},"line":26},"3":{"name":"(anonymous_3)","decl":{"start":{"line":48,"column":4},"end":{"line":48,"column":5}},"loc":{"start":{"line":48,"column":23},"end":{"line":70,"column":5}},"line":48},"4":{"name":"(anonymous_4)","decl":{"start":{"line":49,"column":27},"end":{"line":49,"column":28}},"loc":{"start":{"line":49,"column":54},"end":{"line":69,"column":9}},"line":49},"5":{"name":"(anonymous_5)","decl":{"start":{"line":77,"column":4},"end":{"line":77,"column":5}},"loc":{"start":{"line":77,"column":22},"end":{"line":93,"column":5}},"line":77},"6":{"name":"(anonymous_6)","decl":{"start":{"line":78,"column":27},"end":{"line":78,"column":28}},"loc":{"start":{"line":78,"column":54},"end":{"line":92,"column":9}},"line":78},"7":{"name":"(anonymous_7)","decl":{"start":{"line":99,"column":4},"end":{"line":99,"column":5}},"loc":{"start":{"line":99,"column":22},"end":{"line":117,"column":5}},"line":99},"8":{"name":"(anonymous_8)","decl":{"start":{"line":100,"column":27},"end":{"line":100,"column":28}},"loc":{"start":{"line":100,"column":54},"end":{"line":116,"column":9}},"line":100},"9":{"name":"(anonymous_9)","decl":{"start":{"line":123,"column":4},"end":{"line":123,"column":5}},"loc":{"start":{"line":123,"column":18},"end":{"line":141,"column":5}},"line":123},"10":{"name":"(anonymous_10)","decl":{"start":{"line":124,"column":27},"end":{"line":124,"column":28}},"loc":{"start":{"line":124,"column":54},"end":{"line":140,"column":9}},"line":124}},"branchMap":{"0":{"loc":{"start":{"line":15,"column":15},"end":{"line":16,"column":98}},"type":"cond-expr","locations":[{"start":{"line":16,"column":86},"end":{"line":16,"column":91}},{"start":{"line":16,"column":94},"end":{"line":16,"column":98}}],"line":15},"1":{"loc":{"start":{"line":15,"column":15},"end":{"line":16,"column":83}},"type":"binary-expr","locations":[{"start":{"line":15,"column":15},"end":{"line":15,"column":49}},{"start":{"line":15,"column":53},"end":{"line":15,"column":88}},{"start":{"line":16,"column":12},"end":{"line":16,"column":46}},{"start":{"line":16,"column":50},"end":{"line":16,"column":83}}],"line":15},"2":{"loc":{"start":{"line":30,"column":20},"end":{"line":34,"column":21}},"type":"if","locations":[{"start":{"line":30,"column":20},"end":{"line":34,"column":21}},{"start":{"line":30,"column":20},"end":{"line":34,"column":21}}],"line":30},"3":{"loc":{"start":{"line":52,"column":16},"end":{"line":52,"column":120}},"type":"if","locations":[{"start":{"line":52,"column":16},"end":{"line":52,"column":120}},{"start":{"line":52,"column":16},"end":{"line":52,"column":120}}],"line":52},"4":{"loc":{"start":{"line":52,"column":20},"end":{"line":52,"column":75}},"type":"binary-expr","locations":[{"start":{"line":52,"column":20},"end":{"line":52,"column":45}},{"start":{"line":52,"column":49},"end":{"line":52,"column":75}}],"line":52},"5":{"loc":{"start":{"line":58,"column":16},"end":{"line":58,"column":63}},"type":"if","locations":[{"start":{"line":58,"column":16},"end":{"line":58,"column":63}},{"start":{"line":58,"column":16},"end":{"line":58,"column":63}}],"line":58},"6":{"loc":{"start":{"line":62,"column":33},"end":{"line":62,"column":104}},"type":"cond-expr","locations":[{"start":{"line":62,"column":58},"end":{"line":62,"column":94}},{"start":{"line":62,"column":97},"end":{"line":62,"column":104}}],"line":62},"7":{"loc":{"start":{"line":81,"column":16},"end":{"line":81,"column":120}},"type":"if","locations":[{"start":{"line":81,"column":16},"end":{"line":81,"column":120}},{"start":{"line":81,"column":16},"end":{"line":81,"column":120}}],"line":81},"8":{"loc":{"start":{"line":81,"column":20},"end":{"line":81,"column":75}},"type":"binary-expr","locations":[{"start":{"line":81,"column":20},"end":{"line":81,"column":45}},{"start":{"line":81,"column":49},"end":{"line":81,"column":75}}],"line":81},"9":{"loc":{"start":{"line":103,"column":16},"end":{"line":103,"column":120}},"type":"if","locations":[{"start":{"line":103,"column":16},"end":{"line":103,"column":120}},{"start":{"line":103,"column":16},"end":{"line":103,"column":120}}],"line":103},"10":{"loc":{"start":{"line":103,"column":20},"end":{"line":103,"column":75}},"type":"binary-expr","locations":[{"start":{"line":103,"column":20},"end":{"line":103,"column":45}},{"start":{"line":103,"column":49},"end":{"line":103,"column":75}}],"line":103},"11":{"loc":{"start":{"line":129,"column":30},"end":{"line":129,"column":57}},"type":"cond-expr","locations":[{"start":{"line":129,"column":42},"end":{"line":129,"column":52}},{"start":{"line":129,"column":55},"end":{"line":129,"column":57}}],"line":129}},"s":{"0":1,"1":1,"2":1,"3":1,"4":1,"5":1,"6":2,"7":3,"8":3,"9":3,"10":5,"11":5,"12":4,"13":1,"14":2,"15":1,"16":1,"17":3,"18":3,"19":3,"20":3,"21":0,"22":3,"23":3,"24":2,"25":1,"26":1,"27":1,"28":1,"29":2,"30":2,"31":2,"32":2,"33":2,"34":2,"35":0,"36":2,"37":1,"38":0,"39":0,"40":2,"41":2,"42":2,"43":2,"44":2,"45":0,"46":0,"47":0,"48":0,"49":0,"50":0,"51":0,"52":2,"53":2,"54":3,"55":3,"56":3,"57":3,"58":2,"59":2,"60":1,"61":1,"62":1},"f":{"0":2,"1":3,"2":3,"3":3,"4":3,"5":2,"6":2,"7":2,"8":2,"9":3,"10":3},"b":{"0":[1,1],"1":[2,1,1,1],"2":[4,1],"3":[0,3],"4":[3,3],"5":[1,1],"6":[0,1],"7":[0,2],"8":[2,2],"9":[0,0],"10":[0,0],"11":[1,1]},"_coverageSchema":"1a1c01bbd47fc00a2c39e90264f33305004495a9","hash":"315c89d3d721a25ea0518564c0759f3513493d2f"}
,"/var/app/api/services/solutions.service.js": {"path":"/var/app/api/services/solutions.service.js","statementMap":{"0":{"start":{"line":1,"column":22},"end":{"line":1,"column":58}},"1":{"start":{"line":2,"column":15},"end":{"line":2,"column":42}},"2":{"start":{"line":3,"column":19},"end":{"line":3,"column":56}},"3":{"start":{"line":4,"column":18},"end":{"line":4,"column":49}},"4":{"start":{"line":5,"column":98},"end":{"line":5,"column":130}},"5":{"start":{"line":6,"column":36},"end":{"line":6,"column":71}},"6":{"start":{"line":19,"column":8},"end":{"line":24,"column":9}},"7":{"start":{"line":20,"column":12},"end":{"line":20,"column":24}},"8":{"start":{"line":22,"column":26},"end":{"line":22,"column":113}},"9":{"start":{"line":23,"column":12},"end":{"line":23,"column":40}},"10":{"start":{"line":32,"column":8},"end":{"line":52,"column":11}},"11":{"start":{"line":33,"column":12},"end":{"line":51,"column":13}},"12":{"start":{"line":34,"column":61},"end":{"line":34,"column":64}},"13":{"start":{"line":35,"column":16},"end":{"line":35,"column":120}},"14":{"start":{"line":35,"column":77},"end":{"line":35,"column":120}},"15":{"start":{"line":37,"column":16},"end":{"line":39,"column":17}},"16":{"start":{"line":38,"column":20},"end":{"line":38,"column":54}},"17":{"start":{"line":40,"column":30},"end":{"line":40,"column":49}},"18":{"start":{"line":42,"column":16},"end":{"line":42,"column":40}},"19":{"start":{"line":43,"column":16},"end":{"line":43,"column":40}},"20":{"start":{"line":45,"column":16},"end":{"line":45,"column":35}},"21":{"start":{"line":47,"column":16},"end":{"line":47,"column":32}},"22":{"start":{"line":49,"column":16},"end":{"line":49,"column":79}},"23":{"start":{"line":50,"column":16},"end":{"line":50,"column":48}},"24":{"start":{"line":60,"column":8},"end":{"line":76,"column":10}},"25":{"start":{"line":61,"column":12},"end":{"line":75,"column":13}},"26":{"start":{"line":62,"column":36},"end":{"line":62,"column":46}},"27":{"start":{"line":63,"column":29},"end":{"line":63,"column":66}},"28":{"start":{"line":65,"column":30},"end":{"line":65,"column":60}},"29":{"start":{"line":67,"column":16},"end":{"line":71,"column":19}},"30":{"start":{"line":73,"column":16},"end":{"line":73,"column":76}},"31":{"start":{"line":74,"column":16},"end":{"line":74,"column":48}},"32":{"start":{"line":84,"column":8},"end":{"line":99,"column":11}},"33":{"start":{"line":85,"column":12},"end":{"line":98,"column":13}},"34":{"start":{"line":86,"column":49},"end":{"line":86,"column":52}},"35":{"start":{"line":88,"column":16},"end":{"line":88,"column":120}},"36":{"start":{"line":88,"column":77},"end":{"line":88,"column":120}},"37":{"start":{"line":90,"column":30},"end":{"line":90,"column":72}},"38":{"start":{"line":92,"column":16},"end":{"line":92,"column":76}},"39":{"start":{"line":92,"column":45},"end":{"line":92,"column":76}},"40":{"start":{"line":94,"column":16},"end":{"line":94,"column":27}},"41":{"start":{"line":96,"column":16},"end":{"line":96,"column":79}},"42":{"start":{"line":97,"column":16},"end":{"line":97,"column":48}},"43":{"start":{"line":107,"column":8},"end":{"line":122,"column":11}},"44":{"start":{"line":108,"column":12},"end":{"line":121,"column":13}},"45":{"start":{"line":109,"column":58},"end":{"line":109,"column":61}},"46":{"start":{"line":111,"column":16},"end":{"line":111,"column":120}},"47":{"start":{"line":111,"column":77},"end":{"line":111,"column":120}},"48":{"start":{"line":113,"column":16},"end":{"line":113,"column":64}},"49":{"start":{"line":113,"column":30},"end":{"line":113,"column":64}},"50":{"start":{"line":115,"column":16},"end":{"line":115,"column":72}},"51":{"start":{"line":117,"column":16},"end":{"line":117,"column":28}},"52":{"start":{"line":119,"column":16},"end":{"line":119,"column":79}},"53":{"start":{"line":120,"column":16},"end":{"line":120,"column":48}},"54":{"start":{"line":126,"column":0},"end":{"line":126,"column":33}}},"fnMap":{"0":{"name":"(anonymous_0)","decl":{"start":{"line":10,"column":4},"end":{"line":10,"column":5}},"loc":{"start":{"line":10,"column":18},"end":{"line":12,"column":5}},"line":10},"1":{"name":"(anonymous_1)","decl":{"start":{"line":18,"column":4},"end":{"line":18,"column":5}},"loc":{"start":{"line":18,"column":23},"end":{"line":25,"column":5}},"line":18},"2":{"name":"(anonymous_2)","decl":{"start":{"line":31,"column":4},"end":{"line":31,"column":5}},"loc":{"start":{"line":31,"column":25},"end":{"line":53,"column":5}},"line":31},"3":{"name":"(anonymous_3)","decl":{"start":{"line":32,"column":27},"end":{"line":32,"column":28}},"loc":{"start":{"line":32,"column":54},"end":{"line":52,"column":9}},"line":32},"4":{"name":"(anonymous_4)","decl":{"start":{"line":59,"column":4},"end":{"line":59,"column":5}},"loc":{"start":{"line":59,"column":22},"end":{"line":77,"column":5}},"line":59},"5":{"name":"(anonymous_5)","decl":{"start":{"line":60,"column":27},"end":{"line":60,"column":28}},"loc":{"start":{"line":60,"column":54},"end":{"line":76,"column":9}},"line":60},"6":{"name":"(anonymous_6)","decl":{"start":{"line":83,"column":4},"end":{"line":83,"column":5}},"loc":{"start":{"line":83,"column":25},"end":{"line":100,"column":5}},"line":83},"7":{"name":"(anonymous_7)","decl":{"start":{"line":84,"column":27},"end":{"line":84,"column":28}},"loc":{"start":{"line":84,"column":54},"end":{"line":99,"column":9}},"line":84},"8":{"name":"(anonymous_8)","decl":{"start":{"line":106,"column":4},"end":{"line":106,"column":5}},"loc":{"start":{"line":106,"column":33},"end":{"line":123,"column":5}},"line":106},"9":{"name":"(anonymous_9)","decl":{"start":{"line":107,"column":27},"end":{"line":107,"column":28}},"loc":{"start":{"line":107,"column":54},"end":{"line":122,"column":9}},"line":107}},"branchMap":{"0":{"loc":{"start":{"line":19,"column":8},"end":{"line":24,"column":9}},"type":"if","locations":[{"start":{"line":19,"column":8},"end":{"line":24,"column":9}},{"start":{"line":19,"column":8},"end":{"line":24,"column":9}}],"line":19},"1":{"loc":{"start":{"line":22,"column":26},"end":{"line":22,"column":113}},"type":"cond-expr","locations":[{"start":{"line":22,"column":75},"end":{"line":22,"column":89}},{"start":{"line":22,"column":92},"end":{"line":22,"column":113}}],"line":22},"2":{"loc":{"start":{"line":35,"column":16},"end":{"line":35,"column":120}},"type":"if","locations":[{"start":{"line":35,"column":16},"end":{"line":35,"column":120}},{"start":{"line":35,"column":16},"end":{"line":35,"column":120}}],"line":35},"3":{"loc":{"start":{"line":35,"column":20},"end":{"line":35,"column":75}},"type":"binary-expr","locations":[{"start":{"line":35,"column":20},"end":{"line":35,"column":45}},{"start":{"line":35,"column":49},"end":{"line":35,"column":75}}],"line":35},"4":{"loc":{"start":{"line":37,"column":16},"end":{"line":39,"column":17}},"type":"if","locations":[{"start":{"line":37,"column":16},"end":{"line":39,"column":17}},{"start":{"line":37,"column":16},"end":{"line":39,"column":17}}],"line":37},"5":{"loc":{"start":{"line":37,"column":20},"end":{"line":37,"column":82}},"type":"binary-expr","locations":[{"start":{"line":37,"column":20},"end":{"line":37,"column":49}},{"start":{"line":37,"column":53},"end":{"line":37,"column":82}}],"line":37},"6":{"loc":{"start":{"line":65,"column":30},"end":{"line":65,"column":60}},"type":"cond-expr","locations":[{"start":{"line":65,"column":45},"end":{"line":65,"column":55}},{"start":{"line":65,"column":58},"end":{"line":65,"column":60}}],"line":65},"7":{"loc":{"start":{"line":88,"column":16},"end":{"line":88,"column":120}},"type":"if","locations":[{"start":{"line":88,"column":16},"end":{"line":88,"column":120}},{"start":{"line":88,"column":16},"end":{"line":88,"column":120}}],"line":88},"8":{"loc":{"start":{"line":88,"column":20},"end":{"line":88,"column":75}},"type":"binary-expr","locations":[{"start":{"line":88,"column":20},"end":{"line":88,"column":45}},{"start":{"line":88,"column":49},"end":{"line":88,"column":75}}],"line":88},"9":{"loc":{"start":{"line":92,"column":16},"end":{"line":92,"column":76}},"type":"if","locations":[{"start":{"line":92,"column":16},"end":{"line":92,"column":76}},{"start":{"line":92,"column":16},"end":{"line":92,"column":76}}],"line":92},"10":{"loc":{"start":{"line":111,"column":16},"end":{"line":111,"column":120}},"type":"if","locations":[{"start":{"line":111,"column":16},"end":{"line":111,"column":120}},{"start":{"line":111,"column":16},"end":{"line":111,"column":120}}],"line":111},"11":{"loc":{"start":{"line":111,"column":20},"end":{"line":111,"column":75}},"type":"binary-expr","locations":[{"start":{"line":111,"column":20},"end":{"line":111,"column":45}},{"start":{"line":111,"column":49},"end":{"line":111,"column":75}}],"line":111},"12":{"loc":{"start":{"line":113,"column":16},"end":{"line":113,"column":64}},"type":"if","locations":[{"start":{"line":113,"column":16},"end":{"line":113,"column":64}},{"start":{"line":113,"column":16},"end":{"line":113,"column":64}}],"line":113}},"s":{"0":1,"1":1,"2":1,"3":1,"4":1,"5":1,"6":10,"7":4,"8":6,"9":6,"10":3,"11":3,"12":3,"13":3,"14":0,"15":3,"16":1,"17":2,"18":2,"19":2,"20":2,"21":1,"22":2,"23":2,"24":3,"25":3,"26":3,"27":3,"28":2,"29":2,"30":1,"31":1,"32":3,"33":3,"34":3,"35":3,"36":0,"37":3,"38":2,"39":1,"40":1,"41":2,"42":2,"43":3,"44":3,"45":3,"46":3,"47":0,"48":3,"49":1,"50":2,"51":1,"52":2,"53":2,"54":1},"f":{"0":1,"1":10,"2":3,"3":3,"4":3,"5":3,"6":3,"7":3,"8":3,"9":3},"b":{"0":[4,6],"1":[2,4],"2":[0,3],"3":[3,3],"4":[1,2],"5":[3,2],"6":[1,1],"7":[0,3],"8":[3,3],"9":[1,1],"10":[0,3],"11":[3,3],"12":[1,2]},"_coverageSchema":"1a1c01bbd47fc00a2c39e90264f33305004495a9","hash":"877f6bb95a71a11b4f45507a63ce57978d478d4a"}
}
