{"/var/app/api/common/logger.js": {"path":"/var/app/api/common/logger.js","statementMap":{"0":{"start":{"line":3,"column":16},"end":{"line":3,"column":34}},"1":{"start":{"line":4,"column":11},"end":{"line":4,"column":24}},"2":{"start":{"line":6,"column":45},"end":{"line":6,"column":52}},"3":{"start":{"line":7,"column":39},"end":{"line":7,"column":45}},"4":{"start":{"line":9,"column":17},"end":{"line":11,"column":2}},"5":{"start":{"line":10,"column":2},"end":{"line":10,"column":102}},"6":{"start":{"line":13,"column":15},"end":{"line":22,"column":2}},"7":{"start":{"line":24,"column":0},"end":{"line":24,"column":24}}},"fnMap":{"0":{"name":"(anonymous_0)","decl":{"start":{"line":9,"column":24},"end":{"line":9,"column":25}},"loc":{"start":{"line":9,"column":32},"end":{"line":11,"column":1}},"line":9}},"branchMap":{"0":{"loc":{"start":{"line":21,"column":9},"end":{"line":21,"column":41}},"type":"binary-expr","locations":[{"start":{"line":21,"column":9},"end":{"line":21,"column":30}},{"start":{"line":21,"column":34},"end":{"line":21,"column":41}}],"line":21}},"s":{"0":2,"1":2,"2":2,"3":2,"4":2,"5":15,"6":2,"7":2},"f":{"0":15},"b":{"0":[2,0]},"_coverageSchema":"1a1c01bbd47fc00a2c39e90264f33305004495a9","hash":"99e2c1b56a7435f426836198c89f64b83848ffbd"}
,"/var/app/api/helpers/errorCodes.js": {"path":"/var/app/api/helpers/errorCodes.js","statementMap":{"0":{"start":{"line":1,"column":0},"end":{"line":24,"column":1}}},"fnMap":{},"branchMap":{},"s":{"0":3},"f":{},"b":{},"_coverageSchema":"1a1c01bbd47fc00a2c39e90264f33305004495a9","hash":"8ba5d510ddf7dc1176445f6a2864f60ed20e5fee"}
,"/var/app/api/helpers/httpError.js": {"path":"/var/app/api/helpers/httpError.js","statementMap":{"0":{"start":{"line":3,"column":8},"end":{"line":3,"column":23}},"1":{"start":{"line":5,"column":8},"end":{"line":5,"column":25}},"2":{"start":{"line":6,"column":8},"end":{"line":6,"column":33}},"3":{"start":{"line":10,"column":0},"end":{"line":10,"column":27}}},"fnMap":{"0":{"name":"(anonymous_0)","decl":{"start":{"line":2,"column":4},"end":{"line":2,"column":5}},"loc":{"start":{"line":2,"column":45},"end":{"line":7,"column":5}},"line":2}},"branchMap":{},"s":{"0":12,"1":12,"2":12,"3":3},"f":{"0":12},"b":{},"_coverageSchema":"1a1c01bbd47fc00a2c39e90264f33305004495a9","hash":"df221c89d396449050400f120817a5a6bea607ae"}
,"/var/app/api/helpers/httpResponses.js": {"path":"/var/app/api/helpers/httpResponses.js","statementMap":{"0":{"start":{"line":1,"column":0},"end":{"line":15,"column":1}}},"fnMap":{},"branchMap":{},"s":{"0":2},"f":{},"b":{},"_coverageSchema":"1a1c01bbd47fc00a2c39e90264f33305004495a9","hash":"c6b91059c2e9adbbe210a545201dec5654f618f9"}
,"/var/app/api/helpers/services.helper.js": {"path":"/var/app/api/helpers/services.helper.js","statementMap":{"0":{"start":{"line":1,"column":18},"end":{"line":1,"column":49}},"1":{"start":{"line":2,"column":34},"end":{"line":2,"column":66}},"2":{"start":{"line":6,"column":8},"end":{"line":6,"column":56}},"3":{"start":{"line":10,"column":8},"end":{"line":10,"column":56}},"4":{"start":{"line":18,"column":8},"end":{"line":18,"column":74}},"5":{"start":{"line":22,"column":0},"end":{"line":22,"column":37}}},"fnMap":{"0":{"name":"(anonymous_0)","decl":{"start":{"line":5,"column":4},"end":{"line":5,"column":5}},"loc":{"start":{"line":5,"column":20},"end":{"line":7,"column":5}},"line":5},"1":{"name":"(anonymous_1)","decl":{"start":{"line":9,"column":4},"end":{"line":9,"column":5}},"loc":{"start":{"line":9,"column":20},"end":{"line":11,"column":5}},"line":9},"2":{"name":"(anonymous_2)","decl":{"start":{"line":17,"column":4},"end":{"line":17,"column":5}},"loc":{"start":{"line":17,"column":23},"end":{"line":19,"column":5}},"line":17}},"branchMap":{"0":{"loc":{"start":{"line":6,"column":15},"end":{"line":6,"column":55}},"type":"cond-expr","locations":[{"start":{"line":6,"column":43},"end":{"line":6,"column":47}},{"start":{"line":6,"column":50},"end":{"line":6,"column":55}}],"line":6},"1":{"loc":{"start":{"line":10,"column":15},"end":{"line":10,"column":55}},"type":"cond-expr","locations":[{"start":{"line":10,"column":43},"end":{"line":10,"column":47}},{"start":{"line":10,"column":50},"end":{"line":10,"column":55}}],"line":10},"2":{"loc":{"start":{"line":18,"column":15},"end":{"line":18,"column":73}},"type":"cond-expr","locations":[{"start":{"line":18,"column":44},"end":{"line":18,"column":49}},{"start":{"line":18,"column":52},"end":{"line":18,"column":73}}],"line":18}},"s":{"0":3,"1":3,"2":11,"3":1,"4":9,"5":3},"f":{"0":11,"1":1,"2":9},"b":{"0":[8,3],"1":[1,0],"2":[2,7]},"_coverageSchema":"1a1c01bbd47fc00a2c39e90264f33305004495a9","hash":"f5337222de0788f60e4f8ace2cae802472beea7e"}
,"/var/app/api/models/dbMgr.js": {"path":"/var/app/api/models/dbMgr.js","statementMap":{"0":{"start":{"line":1,"column":17},"end":{"line":1,"column":36}},"1":{"start":{"line":2,"column":12},"end":{"line":2,"column":99}},"2":{"start":{"line":4,"column":0},"end":{"line":4,"column":74}},"3":{"start":{"line":6,"column":0},"end":{"line":8,"column":2}},"4":{"start":{"line":7,"column":4},"end":{"line":7,"column":61}},"5":{"start":{"line":10,"column":0},"end":{"line":12,"column":2}},"6":{"start":{"line":11,"column":4},"end":{"line":11,"column":60}},"7":{"start":{"line":14,"column":0},"end":{"line":16,"column":2}},"8":{"start":{"line":15,"column":4},"end":{"line":15,"column":59}},"9":{"start":{"line":18,"column":0},"end":{"line":18,"column":40}},"10":{"start":{"line":19,"column":0},"end":{"line":19,"column":37}},"11":{"start":{"line":21,"column":0},"end":{"line":21,"column":25}}},"fnMap":{"0":{"name":"(anonymous_0)","decl":{"start":{"line":6,"column":36},"end":{"line":6,"column":37}},"loc":{"start":{"line":6,"column":42},"end":{"line":8,"column":1}},"line":6},"1":{"name":"(anonymous_1)","decl":{"start":{"line":10,"column":32},"end":{"line":10,"column":33}},"loc":{"start":{"line":10,"column":41},"end":{"line":12,"column":1}},"line":10},"2":{"name":"(anonymous_2)","decl":{"start":{"line":14,"column":39},"end":{"line":14,"column":40}},"loc":{"start":{"line":14,"column":45},"end":{"line":16,"column":1}},"line":14}},"branchMap":{},"s":{"0":2,"1":2,"2":2,"3":2,"4":0,"5":2,"6":0,"7":2,"8":0,"9":2,"10":2,"11":2},"f":{"0":0,"1":0,"2":0},"b":{},"_coverageSchema":"1a1c01bbd47fc00a2c39e90264f33305004495a9","hash":"221056a84ab411236a4c018d74220a4251dd3723"}
,"/var/app/api/models/screens.model.js": {"path":"/var/app/api/models/screens.model.js","statementMap":{"0":{"start":{"line":1,"column":17},"end":{"line":1,"column":35}},"1":{"start":{"line":2,"column":15},"end":{"line":2,"column":30}},"2":{"start":{"line":5,"column":22},"end":{"line":21,"column":2}},"3":{"start":{"line":23,"column":0},"end":{"line":23,"column":30}}},"fnMap":{},"branchMap":{},"s":{"0":2,"1":2,"2":2,"3":2},"f":{},"b":{},"_coverageSchema":"1a1c01bbd47fc00a2c39e90264f33305004495a9","hash":"dd9ce68574dc92591477c7e1eaf099f2b1b3b250"}
,"/var/app/api/models/solutions.model.js": {"path":"/var/app/api/models/solutions.model.js","statementMap":{"0":{"start":{"line":1,"column":17},"end":{"line":1,"column":35}},"1":{"start":{"line":2,"column":15},"end":{"line":2,"column":30}},"2":{"start":{"line":3,"column":22},"end":{"line":3,"column":48}},"3":{"start":{"line":6,"column":15},"end":{"line":21,"column":2}},"4":{"start":{"line":23,"column":0},"end":{"line":23,"column":58}},"5":{"start":{"line":25,"column":0},"end":{"line":25,"column":53}}},"fnMap":{},"branchMap":{},"s":{"0":2,"1":2,"2":2,"3":2,"4":2,"5":2},"f":{},"b":{},"_coverageSchema":"1a1c01bbd47fc00a2c39e90264f33305004495a9","hash":"af76a580fe0436af16154ade803e5ca2615e05ba"}
,"/var/app/api/services/screens.service.js": {"path":"/var/app/api/services/screens.service.js","statementMap":{"0":{"start":{"line":1,"column":15},"end":{"line":1,"column":42}},"1":{"start":{"line":2,"column":22},"end":{"line":2,"column":58}},"2":{"start":{"line":3,"column":19},"end":{"line":3,"column":56}},"3":{"start":{"line":4,"column":18},"end":{"line":4,"column":49}},"4":{"start":{"line":5,"column":36},"end":{"line":5,"column":71}},"5":{"start":{"line":6,"column":36},"end":{"line":6,"column":68}},"6":{"start":{"line":15,"column":8},"end":{"line":16,"column":99}},"7":{"start":{"line":26,"column":8},"end":{"line":41,"column":11}},"8":{"start":{"line":27,"column":12},"end":{"line":40,"column":13}},"9":{"start":{"line":28,"column":16},"end":{"line":35,"column":17}},"10":{"start":{"line":29,"column":36},"end":{"line":29,"column":63}},"11":{"start":{"line":30,"column":20},"end":{"line":34,"column":21}},"12":{"start":{"line":31,"column":24},"end":{"line":31,"column":99}},"13":{"start":{"line":33,"column":24},"end":{"line":33,"column":54}},"14":{"start":{"line":36,"column":16},"end":{"line":36,"column":30}},"15":{"start":{"line":38,"column":16},"end":{"line":38,"column":77}},"16":{"start":{"line":39,"column":16},"end":{"line":39,"column":30}},"17":{"start":{"line":49,"column":8},"end":{"line":68,"column":11}},"18":{"start":{"line":50,"column":12},"end":{"line":67,"column":13}},"19":{"start":{"line":51,"column":31},"end":{"line":51,"column":41}},"20":{"start":{"line":52,"column":36},"end":{"line":52,"column":44}},"21":{"start":{"line":53,"column":40},"end":{"line":53,"column":42}},"22":{"start":{"line":55,"column":34},"end":{"line":55,"column":74}},"23":{"start":{"line":57,"column":16},"end":{"line":57,"column":63}},"24":{"start":{"line":57,"column":32},"end":{"line":57,"column":63}},"25":{"start":{"line":59,"column":16},"end":{"line":59,"column":71}},"26":{"start":{"line":61,"column":33},"end":{"line":61,"column":104}},"27":{"start":{"line":63,"column":16},"end":{"line":63,"column":34}},"28":{"start":{"line":65,"column":16},"end":{"line":65,"column":79}},"29":{"start":{"line":66,"column":16},"end":{"line":66,"column":54}},"30":{"start":{"line":77,"column":8},"end":{"line":90,"column":10}},"31":{"start":{"line":78,"column":12},"end":{"line":89,"column":13}},"32":{"start":{"line":79,"column":41},"end":{"line":79,"column":51}},"33":{"start":{"line":81,"column":33},"end":{"line":81,"column":75}},"34":{"start":{"line":82,"column":16},"end":{"line":82,"column":55}},"35":{"start":{"line":83,"column":16},"end":{"line":83,"column":32}},"36":{"start":{"line":85,"column":16},"end":{"line":85,"column":28}},"37":{"start":{"line":87,"column":16},"end":{"line":87,"column":76}},"38":{"start":{"line":88,"column":16},"end":{"line":88,"column":54}},"39":{"start":{"line":98,"column":8},"end":{"line":114,"column":10}},"40":{"start":{"line":99,"column":12},"end":{"line":113,"column":13}},"41":{"start":{"line":100,"column":41},"end":{"line":100,"column":51}},"42":{"start":{"line":101,"column":31},"end":{"line":101,"column":39}},"43":{"start":{"line":103,"column":33},"end":{"line":103,"column":75}},"44":{"start":{"line":104,"column":34},"end":{"line":104,"column":63}},"45":{"start":{"line":106,"column":16},"end":{"line":106,"column":38}},"46":{"start":{"line":107,"column":16},"end":{"line":107,"column":32}},"47":{"start":{"line":109,"column":16},"end":{"line":109,"column":28}},"48":{"start":{"line":111,"column":16},"end":{"line":111,"column":76}},"49":{"start":{"line":112,"column":16},"end":{"line":112,"column":54}},"50":{"start":{"line":122,"column":8},"end":{"line":138,"column":10}},"51":{"start":{"line":123,"column":12},"end":{"line":137,"column":13}},"52":{"start":{"line":124,"column":31},"end":{"line":124,"column":41}},"53":{"start":{"line":125,"column":33},"end":{"line":125,"column":75}},"54":{"start":{"line":127,"column":30},"end":{"line":127,"column":57}},"55":{"start":{"line":129,"column":16},"end":{"line":133,"column":19}},"56":{"start":{"line":135,"column":16},"end":{"line":135,"column":72}},"57":{"start":{"line":136,"column":16},"end":{"line":136,"column":54}},"58":{"start":{"line":142,"column":0},"end":{"line":142,"column":31}}},"fnMap":{"0":{"name":"(anonymous_0)","decl":{"start":{"line":14,"column":4},"end":{"line":14,"column":5}},"loc":{"start":{"line":14,"column":27},"end":{"line":17,"column":5}},"line":14},"1":{"name":"(anonymous_1)","decl":{"start":{"line":25,"column":4},"end":{"line":25,"column":5}},"loc":{"start":{"line":25,"column":49},"end":{"line":42,"column":5}},"line":25},"2":{"name":"(anonymous_2)","decl":{"start":{"line":26,"column":27},"end":{"line":26,"column":28}},"loc":{"start":{"line":26,"column":54},"end":{"line":41,"column":9}},"line":26},"3":{"name":"(anonymous_3)","decl":{"start":{"line":48,"column":4},"end":{"line":48,"column":5}},"loc":{"start":{"line":48,"column":23},"end":{"line":69,"column":5}},"line":48},"4":{"name":"(anonymous_4)","decl":{"start":{"line":49,"column":27},"end":{"line":49,"column":28}},"loc":{"start":{"line":49,"column":54},"end":{"line":68,"column":9}},"line":49},"5":{"name":"(anonymous_5)","decl":{"start":{"line":76,"column":4},"end":{"line":76,"column":5}},"loc":{"start":{"line":76,"column":22},"end":{"line":91,"column":5}},"line":76},"6":{"name":"(anonymous_6)","decl":{"start":{"line":77,"column":27},"end":{"line":77,"column":28}},"loc":{"start":{"line":77,"column":54},"end":{"line":90,"column":9}},"line":77},"7":{"name":"(anonymous_7)","decl":{"start":{"line":97,"column":4},"end":{"line":97,"column":5}},"loc":{"start":{"line":97,"column":22},"end":{"line":115,"column":5}},"line":97},"8":{"name":"(anonymous_8)","decl":{"start":{"line":98,"column":27},"end":{"line":98,"column":28}},"loc":{"start":{"line":98,"column":54},"end":{"line":114,"column":9}},"line":98},"9":{"name":"(anonymous_9)","decl":{"start":{"line":121,"column":4},"end":{"line":121,"column":5}},"loc":{"start":{"line":121,"column":18},"end":{"line":139,"column":5}},"line":121},"10":{"name":"(anonymous_10)","decl":{"start":{"line":122,"column":27},"end":{"line":122,"column":28}},"loc":{"start":{"line":122,"column":54},"end":{"line":138,"column":9}},"line":122}},"branchMap":{"0":{"loc":{"start":{"line":15,"column":15},"end":{"line":16,"column":98}},"type":"cond-expr","locations":[{"start":{"line":16,"column":86},"end":{"line":16,"column":91}},{"start":{"line":16,"column":94},"end":{"line":16,"column":98}}],"line":15},"1":{"loc":{"start":{"line":15,"column":15},"end":{"line":16,"column":83}},"type":"binary-expr","locations":[{"start":{"line":15,"column":15},"end":{"line":15,"column":49}},{"start":{"line":15,"column":53},"end":{"line":15,"column":88}},{"start":{"line":16,"column":12},"end":{"line":16,"column":46}},{"start":{"line":16,"column":50},"end":{"line":16,"column":83}}],"line":15},"2":{"loc":{"start":{"line":30,"column":20},"end":{"line":34,"column":21}},"type":"if","locations":[{"start":{"line":30,"column":20},"end":{"line":34,"column":21}},{"start":{"line":30,"column":20},"end":{"line":34,"column":21}}],"line":30},"3":{"loc":{"start":{"line":57,"column":16},"end":{"line":57,"column":63}},"type":"if","locations":[{"start":{"line":57,"column":16},"end":{"line":57,"column":63}},{"start":{"line":57,"column":16},"end":{"line":57,"column":63}}],"line":57},"4":{"loc":{"start":{"line":61,"column":33},"end":{"line":61,"column":104}},"type":"cond-expr","locations":[{"start":{"line":61,"column":58},"end":{"line":61,"column":94}},{"start":{"line":61,"column":97},"end":{"line":61,"column":104}}],"line":61},"5":{"loc":{"start":{"line":127,"column":30},"end":{"line":127,"column":57}},"type":"cond-expr","locations":[{"start":{"line":127,"column":42},"end":{"line":127,"column":52}},{"start":{"line":127,"column":55},"end":{"line":127,"column":57}}],"line":127}},"s":{"0":1,"1":1,"2":1,"3":1,"4":1,"5":1,"6":2,"7":3,"8":3,"9":3,"10":5,"11":5,"12":4,"13":1,"14":2,"15":1,"16":1,"17":3,"18":3,"19":3,"20":3,"21":3,"22":3,"23":2,"24":1,"25":1,"26":1,"27":1,"28":2,"29":2,"30":2,"31":2,"32":2,"33":2,"34":1,"35":0,"36":0,"37":2,"38":2,"39":2,"40":2,"41":2,"42":2,"43":2,"44":1,"45":0,"46":0,"47":0,"48":2,"49":2,"50":3,"51":3,"52":3,"53":3,"54":2,"55":2,"56":1,"57":1,"58":1},"f":{"0":2,"1":3,"2":3,"3":3,"4":3,"5":2,"6":2,"7":2,"8":2,"9":3,"10":3},"b":{"0":[1,1],"1":[2,1,1,1],"2":[4,1],"3":[1,1],"4":[0,1],"5":[1,1]},"_coverageSchema":"1a1c01bbd47fc00a2c39e90264f33305004495a9","hash":"8812cb20205d742cb59550384514c22d50a3acb9"}
,"/var/app/api/services/solutions.service.js": {"path":"/var/app/api/services/solutions.service.js","statementMap":{"0":{"start":{"line":1,"column":22},"end":{"line":1,"column":58}},"1":{"start":{"line":2,"column":15},"end":{"line":2,"column":42}},"2":{"start":{"line":3,"column":19},"end":{"line":3,"column":56}},"3":{"start":{"line":4,"column":18},"end":{"line":4,"column":49}},"4":{"start":{"line":5,"column":75},"end":{"line":5,"column":107}},"5":{"start":{"line":6,"column":36},"end":{"line":6,"column":71}},"6":{"start":{"line":19,"column":8},"end":{"line":24,"column":9}},"7":{"start":{"line":20,"column":12},"end":{"line":20,"column":24}},"8":{"start":{"line":22,"column":26},"end":{"line":22,"column":113}},"9":{"start":{"line":23,"column":12},"end":{"line":23,"column":40}},"10":{"start":{"line":32,"column":8},"end":{"line":50,"column":11}},"11":{"start":{"line":33,"column":12},"end":{"line":49,"column":13}},"12":{"start":{"line":34,"column":45},"end":{"line":34,"column":53}},"13":{"start":{"line":35,"column":16},"end":{"line":37,"column":17}},"14":{"start":{"line":36,"column":20},"end":{"line":36,"column":54}},"15":{"start":{"line":38,"column":30},"end":{"line":38,"column":49}},"16":{"start":{"line":40,"column":16},"end":{"line":40,"column":40}},"17":{"start":{"line":41,"column":16},"end":{"line":41,"column":40}},"18":{"start":{"line":43,"column":16},"end":{"line":43,"column":35}},"19":{"start":{"line":45,"column":16},"end":{"line":45,"column":32}},"20":{"start":{"line":47,"column":16},"end":{"line":47,"column":79}},"21":{"start":{"line":48,"column":16},"end":{"line":48,"column":48}},"22":{"start":{"line":58,"column":8},"end":{"line":74,"column":10}},"23":{"start":{"line":59,"column":12},"end":{"line":73,"column":13}},"24":{"start":{"line":60,"column":36},"end":{"line":60,"column":46}},"25":{"start":{"line":61,"column":29},"end":{"line":61,"column":66}},"26":{"start":{"line":63,"column":30},"end":{"line":63,"column":60}},"27":{"start":{"line":65,"column":16},"end":{"line":69,"column":19}},"28":{"start":{"line":71,"column":16},"end":{"line":71,"column":76}},"29":{"start":{"line":72,"column":16},"end":{"line":72,"column":48}},"30":{"start":{"line":82,"column":8},"end":{"line":94,"column":11}},"31":{"start":{"line":83,"column":12},"end":{"line":93,"column":13}},"32":{"start":{"line":84,"column":31},"end":{"line":84,"column":41}},"33":{"start":{"line":85,"column":30},"end":{"line":85,"column":72}},"34":{"start":{"line":87,"column":16},"end":{"line":87,"column":76}},"35":{"start":{"line":87,"column":45},"end":{"line":87,"column":76}},"36":{"start":{"line":89,"column":16},"end":{"line":89,"column":27}},"37":{"start":{"line":91,"column":16},"end":{"line":91,"column":79}},"38":{"start":{"line":92,"column":16},"end":{"line":92,"column":48}},"39":{"start":{"line":102,"column":8},"end":{"line":115,"column":11}},"40":{"start":{"line":103,"column":12},"end":{"line":114,"column":13}},"41":{"start":{"line":104,"column":40},"end":{"line":104,"column":50}},"42":{"start":{"line":106,"column":16},"end":{"line":106,"column":64}},"43":{"start":{"line":106,"column":30},"end":{"line":106,"column":64}},"44":{"start":{"line":108,"column":16},"end":{"line":108,"column":72}},"45":{"start":{"line":110,"column":16},"end":{"line":110,"column":28}},"46":{"start":{"line":112,"column":16},"end":{"line":112,"column":79}},"47":{"start":{"line":113,"column":16},"end":{"line":113,"column":48}},"48":{"start":{"line":119,"column":0},"end":{"line":119,"column":33}}},"fnMap":{"0":{"name":"(anonymous_0)","decl":{"start":{"line":10,"column":4},"end":{"line":10,"column":5}},"loc":{"start":{"line":10,"column":18},"end":{"line":12,"column":5}},"line":10},"1":{"name":"(anonymous_1)","decl":{"start":{"line":18,"column":4},"end":{"line":18,"column":5}},"loc":{"start":{"line":18,"column":23},"end":{"line":25,"column":5}},"line":18},"2":{"name":"(anonymous_2)","decl":{"start":{"line":31,"column":4},"end":{"line":31,"column":5}},"loc":{"start":{"line":31,"column":25},"end":{"line":51,"column":5}},"line":31},"3":{"name":"(anonymous_3)","decl":{"start":{"line":32,"column":27},"end":{"line":32,"column":28}},"loc":{"start":{"line":32,"column":54},"end":{"line":50,"column":9}},"line":32},"4":{"name":"(anonymous_4)","decl":{"start":{"line":57,"column":4},"end":{"line":57,"column":5}},"loc":{"start":{"line":57,"column":22},"end":{"line":75,"column":5}},"line":57},"5":{"name":"(anonymous_5)","decl":{"start":{"line":58,"column":27},"end":{"line":58,"column":28}},"loc":{"start":{"line":58,"column":54},"end":{"line":74,"column":9}},"line":58},"6":{"name":"(anonymous_6)","decl":{"start":{"line":81,"column":4},"end":{"line":81,"column":5}},"loc":{"start":{"line":81,"column":25},"end":{"line":95,"column":5}},"line":81},"7":{"name":"(anonymous_7)","decl":{"start":{"line":82,"column":27},"end":{"line":82,"column":28}},"loc":{"start":{"line":82,"column":54},"end":{"line":94,"column":9}},"line":82},"8":{"name":"(anonymous_8)","decl":{"start":{"line":101,"column":4},"end":{"line":101,"column":5}},"loc":{"start":{"line":101,"column":33},"end":{"line":116,"column":5}},"line":101},"9":{"name":"(anonymous_9)","decl":{"start":{"line":102,"column":27},"end":{"line":102,"column":28}},"loc":{"start":{"line":102,"column":54},"end":{"line":115,"column":9}},"line":102}},"branchMap":{"0":{"loc":{"start":{"line":19,"column":8},"end":{"line":24,"column":9}},"type":"if","locations":[{"start":{"line":19,"column":8},"end":{"line":24,"column":9}},{"start":{"line":19,"column":8},"end":{"line":24,"column":9}}],"line":19},"1":{"loc":{"start":{"line":22,"column":26},"end":{"line":22,"column":113}},"type":"cond-expr","locations":[{"start":{"line":22,"column":75},"end":{"line":22,"column":89}},{"start":{"line":22,"column":92},"end":{"line":22,"column":113}}],"line":22},"2":{"loc":{"start":{"line":35,"column":16},"end":{"line":37,"column":17}},"type":"if","locations":[{"start":{"line":35,"column":16},"end":{"line":37,"column":17}},{"start":{"line":35,"column":16},"end":{"line":37,"column":17}}],"line":35},"3":{"loc":{"start":{"line":35,"column":20},"end":{"line":35,"column":82}},"type":"binary-expr","locations":[{"start":{"line":35,"column":20},"end":{"line":35,"column":49}},{"start":{"line":35,"column":53},"end":{"line":35,"column":82}}],"line":35},"4":{"loc":{"start":{"line":63,"column":30},"end":{"line":63,"column":60}},"type":"cond-expr","locations":[{"start":{"line":63,"column":45},"end":{"line":63,"column":55}},{"start":{"line":63,"column":58},"end":{"line":63,"column":60}}],"line":63},"5":{"loc":{"start":{"line":87,"column":16},"end":{"line":87,"column":76}},"type":"if","locations":[{"start":{"line":87,"column":16},"end":{"line":87,"column":76}},{"start":{"line":87,"column":16},"end":{"line":87,"column":76}}],"line":87},"6":{"loc":{"start":{"line":106,"column":16},"end":{"line":106,"column":64}},"type":"if","locations":[{"start":{"line":106,"column":16},"end":{"line":106,"column":64}},{"start":{"line":106,"column":16},"end":{"line":106,"column":64}}],"line":106}},"s":{"0":1,"1":1,"2":1,"3":1,"4":1,"5":1,"6":10,"7":4,"8":6,"9":6,"10":3,"11":3,"12":3,"13":3,"14":1,"15":2,"16":2,"17":2,"18":2,"19":1,"20":2,"21":2,"22":3,"23":3,"24":3,"25":3,"26":2,"27":2,"28":1,"29":1,"30":3,"31":3,"32":3,"33":3,"34":2,"35":1,"36":1,"37":2,"38":2,"39":3,"40":3,"41":3,"42":3,"43":1,"44":2,"45":1,"46":2,"47":2,"48":1},"f":{"0":1,"1":10,"2":3,"3":3,"4":3,"5":3,"6":3,"7":3,"8":3,"9":3},"b":{"0":[4,6],"1":[2,4],"2":[1,2],"3":[3,2],"4":[1,1],"5":[1,1],"6":[1,2]},"_coverageSchema":"1a1c01bbd47fc00a2c39e90264f33305004495a9","hash":"7a81b694a343fbbfbf6c83f61130cb7842871c7c"}
}
