TN:
SF:api/common/logger.js
FN:9,(anonymous_0)
FNF:1
FNH:1
FNDA:15,(anonymous_0)
DA:3,2
DA:4,2
DA:6,2
DA:7,2
DA:9,2
DA:10,15
DA:13,2
DA:24,2
LF:8
LH:8
BRDA:21,0,0,2
BRDA:21,0,1,0
BRF:2
BRH:1
end_of_record
TN:
SF:api/helpers/errorCodes.js
FNF:0
FNH:0
DA:1,3
LF:1
LH:1
BRF:0
BRH:0
end_of_record
TN:
SF:api/helpers/httpError.js
FN:2,(anonymous_0)
FNF:1
FNH:1
FNDA:12,(anonymous_0)
DA:3,12
DA:5,12
DA:6,12
DA:10,3
LF:4
LH:4
BRF:0
BRH:0
end_of_record
TN:
SF:api/helpers/httpResponses.js
FNF:0
FNH:0
DA:1,2
LF:1
LH:1
BRF:0
BRH:0
end_of_record
TN:
SF:api/helpers/services.helper.js
FN:5,(anonymous_0)
FN:9,(anonymous_1)
FN:17,(anonymous_2)
FNF:3
FNH:3
FNDA:11,(anonymous_0)
FNDA:1,(anonymous_1)
FNDA:9,(anonymous_2)
DA:1,3
DA:2,3
DA:6,11
DA:10,1
DA:18,9
DA:22,3
LF:6
LH:6
BRDA:6,0,0,8
BRDA:6,0,1,3
BRDA:10,1,0,1
BRDA:10,1,1,0
BRDA:18,2,0,2
BRDA:18,2,1,7
BRF:6
BRH:5
end_of_record
TN:
SF:api/models/dbMgr.js
FN:6,(anonymous_0)
FN:10,(anonymous_1)
FN:14,(anonymous_2)
FNF:3
FNH:0
FNDA:0,(anonymous_0)
FNDA:0,(anonymous_1)
FNDA:0,(anonymous_2)
DA:1,2
DA:2,2
DA:4,2
DA:6,2
DA:7,0
DA:10,2
DA:11,0
DA:14,2
DA:15,0
DA:18,2
DA:19,2
DA:21,2
LF:12
LH:9
BRF:0
BRH:0
end_of_record
TN:
SF:api/models/screens.model.js
FNF:0
FNH:0
DA:1,2
DA:2,2
DA:5,2
DA:23,2
LF:4
LH:4
BRF:0
BRH:0
end_of_record
TN:
SF:api/models/solutions.model.js
FNF:0
FNH:0
DA:1,2
DA:2,2
DA:3,2
DA:6,2
DA:23,2
DA:25,2
LF:6
LH:6
BRF:0
BRH:0
end_of_record
TN:
SF:api/services/screens.service.js
FN:14,(anonymous_0)
FN:25,(anonymous_1)
FN:26,(anonymous_2)
FN:48,(anonymous_3)
FN:49,(anonymous_4)
FN:76,(anonymous_5)
FN:77,(anonymous_6)
FN:97,(anonymous_7)
FN:98,(anonymous_8)
FN:121,(anonymous_9)
FN:122,(anonymous_10)
FNF:11
FNH:11
FNDA:2,(anonymous_0)
FNDA:3,(anonymous_1)
FNDA:3,(anonymous_2)
FNDA:3,(anonymous_3)
FNDA:3,(anonymous_4)
FNDA:2,(anonymous_5)
FNDA:2,(anonymous_6)
FNDA:2,(anonymous_7)
FNDA:2,(anonymous_8)
FNDA:3,(anonymous_9)
FNDA:3,(anonymous_10)
DA:1,1
DA:2,1
DA:3,1
DA:4,1
DA:5,1
DA:6,1
DA:15,2
DA:26,3
DA:27,3
DA:28,3
DA:29,5
DA:30,5
DA:31,4
DA:33,1
DA:36,2
DA:38,1
DA:39,1
DA:49,3
DA:50,3
DA:51,3
DA:52,3
DA:53,3
DA:55,3
DA:57,2
DA:59,1
DA:61,1
DA:63,1
DA:65,2
DA:66,2
DA:77,2
DA:78,2
DA:79,2
DA:81,2
DA:82,1
DA:83,0
DA:85,0
DA:87,2
DA:88,2
DA:98,2
DA:99,2
DA:100,2
DA:101,2
DA:103,2
DA:104,1
DA:106,0
DA:107,0
DA:109,0
DA:111,2
DA:112,2
DA:122,3
DA:123,3
DA:124,3
DA:125,3
DA:127,2
DA:129,2
DA:135,1
DA:136,1
DA:142,1
LF:58
LH:53
BRDA:15,0,0,1
BRDA:15,0,1,1
BRDA:15,1,0,2
BRDA:15,1,1,1
BRDA:15,1,2,1
BRDA:15,1,3,1
BRDA:30,2,0,4
BRDA:30,2,1,1
BRDA:57,3,0,1
BRDA:57,3,1,1
BRDA:61,4,0,0
BRDA:61,4,1,1
BRDA:127,5,0,1
BRDA:127,5,1,1
BRF:14
BRH:13
end_of_record
TN:
SF:api/services/solutions.service.js
FN:10,(anonymous_0)
FN:18,(anonymous_1)
FN:31,(anonymous_2)
FN:32,(anonymous_3)
FN:57,(anonymous_4)
FN:58,(anonymous_5)
FN:81,(anonymous_6)
FN:82,(anonymous_7)
FN:101,(anonymous_8)
FN:102,(anonymous_9)
FNF:10
FNH:10
FNDA:1,(anonymous_0)
FNDA:10,(anonymous_1)
FNDA:3,(anonymous_2)
FNDA:3,(anonymous_3)
FNDA:3,(anonymous_4)
FNDA:3,(anonymous_5)
FNDA:3,(anonymous_6)
FNDA:3,(anonymous_7)
FNDA:3,(anonymous_8)
FNDA:3,(anonymous_9)
DA:1,1
DA:2,1
DA:3,1
DA:4,1
DA:5,1
DA:6,1
DA:19,10
DA:20,4
DA:22,6
DA:23,6
DA:32,3
DA:33,3
DA:34,3
DA:35,3
DA:36,1
DA:38,2
DA:40,2
DA:41,2
DA:43,2
DA:45,1
DA:47,2
DA:48,2
DA:58,3
DA:59,3
DA:60,3
DA:61,3
DA:63,2
DA:65,2
DA:71,1
DA:72,1
DA:82,3
DA:83,3
DA:84,3
DA:85,3
DA:87,2
DA:89,1
DA:91,2
DA:92,2
DA:102,3
DA:103,3
DA:104,3
DA:106,3
DA:108,2
DA:110,1
DA:112,2
DA:113,2
DA:119,1
LF:47
LH:47
BRDA:19,0,0,4
BRDA:19,0,1,6
BRDA:22,1,0,2
BRDA:22,1,1,4
BRDA:35,2,0,1
BRDA:35,2,1,2
BRDA:35,3,0,3
BRDA:35,3,1,2
BRDA:63,4,0,1
BRDA:63,4,1,1
BRDA:87,5,0,1
BRDA:87,5,1,1
BRDA:106,6,0,1
BRDA:106,6,1,2
BRF:14
BRH:14
end_of_record
